<?xml version="1.0" encoding="UTF-8"?>
<testsuite name="com.bridgelabz.testcabinvoice.CabInvoiceTest" tests="1" skipped="0" failures="0" errors="0" timestamp="2021-06-16T07:30:07" hostname="MD-CJDKE06555KH" time="0.01">
  <properties/>
  <testcase name="givenDistanceAndTime_whenCostPerKilometrePerMin_shouldReturnTotalFare" classname="com.bridgelabz.testcabinvoice.CabInvoiceTest" time="0.01"/>
  <system-out><![CDATA[]]></system-out>
  <system-err><![CDATA[]]></system-err>
</testsuite>
